2019-04-08 22:03:06,435 [1] WARN KanbanProject.Program - Invalid input: email isnt a valid email or already been used in the system
2019-04-08 22:04:34,828 [1] WARN KanbanProject.Program - Invalid input: password do not contain the requested elements
2019-04-08 22:06:16,911 [1] INFO KanbanProject.Program - New registration by user with email: shahar.bardugo96@gmail.com
2019-04-08 22:07:34,226 [1] INFO KanbanProject.Program - User with email shahar.bardugo96@gmail.comlogged in.
2019-04-08 22:23:35,783 [1] INFO KanbanProject.Program - User with email shahar.bardugo96@gmail.comlogged in.
2019-04-08 22:25:24,334 [1] INFO KanbanProject.Program - User with email shahar.bardugo96@gmail.comlogged in.
2019-04-08 22:36:57,362 [1] INFO KanbanProject.Program - User with email shahar.bardugo96@gmail.comlogged in.
2019-04-08 22:38:58,582 [1] INFO KanbanProject.Program - User with email shahar.bardugo96@gmail.comlogged in.
2019-04-08 22:50:15,025 [1] WARN KanbanProject.Program - Invalid input: email address isnt legit.
2019-04-08 22:50:34,207 [1] WARN KanbanProject.Program - Invalid input: email address does not exist in the system.
2019-04-08 22:51:08,067 [1] INFO KanbanProject.Program - User with email shahar.bardugo96@gmail.comlogged in.
2019-04-08 23:06:23,798 [1] INFO KanbanProject.Program - User with email shahar.bardugo96@gmail.comlogged in.
2019-04-08 23:51:38,118 [1] INFO KanbanProject.Program - Invalid input
2019-04-10 13:10:42,325 [1] ERROR KanbanProject.Program - Password do not match to user.
2019-04-10 13:10:51,595 [1] WARN KanbanProject.Program - Email address does not exist in the system.
2019-04-10 13:12:17,443 [1] INFO KanbanProject.Program - User with email dorin.m96@gmail.comlogged in.
2019-04-10 13:19:32,447 [1] INFO KanbanProject.Program - User with email dorin.m96@gmail.com logged in.
2019-04-10 13:24:08,763 [1] INFO KanbanProject.Program - User with email dorin.m96@gmail.com logged in.
2019-04-10 13:26:55,750 [1] INFO KanbanProject.Program - User logged out
2019-04-10 13:27:09,516 [1] INFO KanbanProject.Program - User with email dorin.m96@gmail.com logged in.
2019-04-10 13:27:25,332 [1] WARN KanbanProject.Program - Task moving failed. The column was full or the taskId doesn't exist or the user tried to move a task from the 'done column'
2019-04-10 13:29:33,444 [1] INFO KanbanProject.Program - User with email dorin.m96@gmail.com logged in.
2019-04-10 13:29:59,206 [1] INFO KanbanProject.Program - The user added a task
2019-04-10 13:31:45,358 [1] INFO KanbanProject.Program - User with email dorin.m96@gmail.com logged in.
2019-04-10 13:31:59,331 [1] WARN KanbanProject.Program - Invalid task number
2019-04-10 13:32:22,296 [1] INFO KanbanProject.Program - The user added a task
2019-04-10 13:32:32,132 [1] WARN KanbanProject.Program - Task moving failed. The column was full or the taskId doesn't exist or the user tried to move a task from the 'done column'
2019-04-10 13:56:16,691 [1] INFO KanbanProject.Program - User with email dorin.m96@gmail.com logged in.
2019-04-10 13:56:31,497 [1] INFO KanbanProject.Program - The user added a task
2019-04-10 13:56:42,219 [1] WARN KanbanProject.Program - Task moving failed. The column was full or the taskId doesn't exist or the user tried to move a task from the 'done column'
2019-04-10 14:00:29,634 [1] INFO KanbanProject.Program - User with email dorin.m96@gmail.com logged in.
2019-04-10 14:00:42,657 [1] INFO KanbanProject.Program - The user added a task
2019-04-10 14:07:27,761 [1] INFO KanbanProject.Program - User with email dorin.m96@gmail.com logged in.
2019-04-10 14:07:43,230 [1] WARN KanbanProject.Program - Task moving failed. The column was full or the taskId doesn't exist or the user tried to move a task from the 'done column'
2019-04-10 14:09:05,060 [1] INFO KanbanProject.Program - User logged out
2019-04-10 14:09:38,864 [1] INFO KanbanProject.Program - User with email shahar.bardugo96@gmail.com logged in.
2019-04-10 14:10:21,111 [1] INFO KanbanProject.Program - The user added a task
2019-04-10 14:10:45,046 [1] INFO KanbanProject.Program - The user added a task
2019-04-10 16:25:06,404 [1] INFO KanbanProject.Program - User with email edentanami@gmail.com logged in.
2019-04-10 16:27:23,985 [1] INFO KanbanProject.Program - User with email edentanami@gmail.com logged in.
2019-04-10 16:28:11,342 [1] WARN KanbanProject.Program - Task adding has failed, one of the task's inputs was invalid
2019-04-10 16:28:57,132 [1] WARN KanbanProject.Program - Task adding has failed, one of the task's inputs was invalid
2019-04-10 16:33:11,598 [1] INFO KanbanProject.Program - User with email edentanami@gmail.com logged in.
2019-04-10 16:33:38,485 [1] INFO KanbanProject.Program - The user added a task
2019-04-10 16:33:55,586 [1] INFO KanbanProject.Program - The user added a task
2019-04-10 16:34:08,456 [1] INFO KanbanProject.Program - The user added a task
2019-04-10 16:34:18,442 [1] INFO KanbanProject.Program - The user added a task
2019-04-10 16:34:40,117 [1] WARN KanbanProject.Program - Task adding has failed, one of the task's inputs was invalid
2019-04-10 16:35:13,351 [1] WARN KanbanProject.Program - Invalid task number
2019-04-10 16:37:31,226 [1] INFO KanbanProject.Program - User with email edentanami@gmail.com logged in.
2019-04-10 16:37:52,316 [1] WARN KanbanProject.Program - Invalid task number
2019-04-10 16:43:07,643 [1] INFO KanbanProject.Program - User with email edentanami@gmail.com logged in.
2019-04-10 16:43:39,842 [1] WARN KanbanProject.Program - Task moving failed. The column was full or the taskId doesn't exist or the user tried to move a task from the 'done column'
2019-04-10 16:44:17,924 [1] INFO KanbanProject.Program - User logged out
2019-04-11 14:58:02,951 [1] INFO KanbanProject.IntefaceLayer.Program - New registration by user with email: dm1996@walla.com
2019-04-11 14:58:02,965 [1] WARN KanbanProject.IntefaceLayer.Program - Invalid input: password do not contain the requested elements
2019-04-11 14:58:03,378 [1] WARN KanbanProject.IntefaceLayer.Program - Invalid input: email isnt a valid email or already been used in the system
2019-04-11 14:58:03,379 [1] INFO KanbanProject.IntefaceLayer.Program - New registration by user with email: dorin.m96@gmail.com
2019-04-11 14:58:03,379 [1] WARN KanbanProject.IntefaceLayer.Program - Email address does not exist in the system.
2019-04-11 14:58:03,379 [1] WARN KanbanProject.IntefaceLayer.Program - Email address does not exist in the system.
2019-04-11 14:58:03,380 [1] WARN KanbanProject.IntefaceLayer.Program - Email address does not exist in the system.
2019-04-11 14:59:29,560 [1] INFO KanbanProject.IntefaceLayer.Program - New registration by user with email: dm1996@walla.com
2019-04-11 14:59:29,569 [1] WARN KanbanProject.IntefaceLayer.Program - Invalid input: password do not contain the requested elements
2019-04-11 14:59:29,585 [1] WARN KanbanProject.IntefaceLayer.Program - Invalid input: email isnt a valid email or already been used in the system
2019-04-11 14:59:29,585 [1] INFO KanbanProject.IntefaceLayer.Program - New registration by user with email: dorin.m96@gmail.com
2019-04-11 14:59:29,586 [1] WARN KanbanProject.IntefaceLayer.Program - Email address does not exist in the system.
2019-04-11 14:59:29,586 [1] WARN KanbanProject.IntefaceLayer.Program - Email address does not exist in the system.
2019-04-11 14:59:29,586 [1] WARN KanbanProject.IntefaceLayer.Program - Email address does not exist in the system.
2019-04-11 15:01:55,798 [1] INFO KanbanProject.IntefaceLayer.Program - New registration by user with email: dm1996@walla.com
2019-04-11 15:01:55,810 [1] WARN KanbanProject.IntefaceLayer.Program - Invalid input: password do not contain the requested elements
2019-04-11 15:01:55,829 [1] WARN KanbanProject.IntefaceLayer.Program - Invalid input: email isnt a valid email or already been used in the system
2019-04-11 15:01:55,830 [1] INFO KanbanProject.IntefaceLayer.Program - New registration by user with email: dorin.m96@gmail.com
2019-04-11 15:01:55,830 [1] WARN KanbanProject.IntefaceLayer.Program - Email address does not exist in the system.
2019-04-11 15:01:55,831 [1] WARN KanbanProject.IntefaceLayer.Program - Email address does not exist in the system.
2019-04-11 15:01:55,831 [1] WARN KanbanProject.IntefaceLayer.Program - Email address does not exist in the system.
2019-04-11 15:04:07,104 [1] INFO KanbanProject.IntefaceLayer.Program - New registration by user with email: dm1996@walla.com
2019-04-11 15:04:07,122 [1] WARN KanbanProject.IntefaceLayer.Program - Invalid input: password do not contain the requested elements
2019-04-11 15:04:07,156 [1] WARN KanbanProject.IntefaceLayer.Program - Invalid input: email isnt a valid email or already been used in the system
2019-04-11 15:04:07,157 [1] WARN KanbanProject.IntefaceLayer.Program - Invalid input: email isnt a valid email or already been used in the system
2019-04-11 15:04:07,159 [1] ERROR KanbanProject.IntefaceLayer.Program - Password do not match to user.
2019-04-11 15:04:07,159 [1] WARN KanbanProject.IntefaceLayer.Program - Email address does not exist in the system.
2019-04-11 15:04:07,159 [1] INFO KanbanProject.IntefaceLayer.Program - User with email dorin.m96@gmail.com logged in.
2019-04-11 15:04:07,225 [1] INFO KanbanProject.IntefaceLayer.Program - New task was added.
2019-04-11 15:04:07,226 [1] WARN KanbanProject.IntefaceLayer.Program - Task adding has failed, one of the task's inputs was invalid
2019-04-11 15:04:07,226 [1] WARN KanbanProject.IntefaceLayer.Program - Task adding has failed, one of the task's inputs was invalid
2019-04-11 15:05:33,709 [1] INFO KanbanProject.IntefaceLayer.Program - New registration by user with email: dm1996@walla.com
2019-04-11 15:05:33,722 [1] WARN KanbanProject.IntefaceLayer.Program - Invalid input: password do not contain the requested elements
2019-04-11 15:05:33,739 [1] WARN KanbanProject.IntefaceLayer.Program - Invalid input: email isnt a valid email or already been used in the system
2019-04-11 15:05:33,740 [1] WARN KanbanProject.IntefaceLayer.Program - Invalid input: email isnt a valid email or already been used in the system
2019-04-11 15:05:33,741 [1] ERROR KanbanProject.IntefaceLayer.Program - Password do not match to user.
2019-04-11 15:05:33,741 [1] WARN KanbanProject.IntefaceLayer.Program - Email address does not exist in the system.
2019-04-11 15:05:33,741 [1] INFO KanbanProject.IntefaceLayer.Program - User with email dorin.m96@gmail.com logged in.
2019-04-11 15:05:33,757 [1] INFO KanbanProject.IntefaceLayer.Program - New task was added.
2019-04-11 15:05:33,757 [1] WARN KanbanProject.IntefaceLayer.Program - Task adding has failed, one of the task's inputs was invalid
2019-04-11 15:05:33,757 [1] WARN KanbanProject.IntefaceLayer.Program - Task adding has failed, one of the task's inputs was invalid
2019-04-11 15:06:42,807 [1] INFO KanbanProject.IntefaceLayer.Program - New registration by user with email: dm1996@walla.com
2019-04-11 15:06:42,820 [1] WARN KanbanProject.IntefaceLayer.Program - Invalid input: password do not contain the requested elements
2019-04-11 15:06:42,836 [1] WARN KanbanProject.IntefaceLayer.Program - Invalid input: email isnt a valid email or already been used in the system
2019-04-11 15:06:42,837 [1] WARN KanbanProject.IntefaceLayer.Program - Invalid input: email isnt a valid email or already been used in the system
2019-04-11 15:06:42,838 [1] ERROR KanbanProject.IntefaceLayer.Program - Password do not match to user.
2019-04-11 15:06:42,839 [1] WARN KanbanProject.IntefaceLayer.Program - Email address does not exist in the system.
2019-04-11 15:06:42,839 [1] INFO KanbanProject.IntefaceLayer.Program - User with email dorin.m96@gmail.com logged in.
2019-04-11 15:06:42,856 [1] INFO KanbanProject.IntefaceLayer.Program - New task was added.
2019-04-11 15:06:42,856 [1] WARN KanbanProject.IntefaceLayer.Program - Task adding has failed, one of the task's inputs was invalid
2019-04-11 15:06:42,856 [1] WARN KanbanProject.IntefaceLayer.Program - Task adding has failed, one of the task's inputs was invalid
2019-04-11 15:13:51,429 [1] INFO KanbanProject.IntefaceLayer.Program - New registration by user with email: dm1996@walla.com
2019-04-11 15:13:51,498 [1] WARN KanbanProject.IntefaceLayer.Program - Invalid input: password do not contain the requested elements
2019-04-11 15:13:51,518 [1] WARN KanbanProject.IntefaceLayer.Program - Invalid input: email isnt a valid email or already been used in the system
2019-04-11 15:13:51,518 [1] WARN KanbanProject.IntefaceLayer.Program - Invalid input: email isnt a valid email or already been used in the system
2019-04-11 15:13:51,519 [1] ERROR KanbanProject.IntefaceLayer.Program - Password do not match to user.
2019-04-11 15:13:51,519 [1] WARN KanbanProject.IntefaceLayer.Program - Email address does not exist in the system.
2019-04-11 15:13:51,519 [1] INFO KanbanProject.IntefaceLayer.Program - User with email dorin.m96@gmail.com logged in.
2019-04-11 15:13:51,536 [1] INFO KanbanProject.IntefaceLayer.Program - New task was added.
2019-04-11 15:13:51,537 [1] WARN KanbanProject.IntefaceLayer.Program - Task adding has failed, one of the task's inputs was invalid
2019-04-11 15:13:51,537 [1] WARN KanbanProject.IntefaceLayer.Program - Task adding has failed, one of the task's inputs was invalid
2019-04-11 15:15:19,467 [1] WARN KanbanProject.IntefaceLayer.Program - Invalid input: email isnt a valid email or already been used in the system
2019-04-11 15:15:19,482 [1] WARN KanbanProject.IntefaceLayer.Program - Invalid input: password do not contain the requested elements
2019-04-11 15:15:19,500 [1] WARN KanbanProject.IntefaceLayer.Program - Invalid input: email isnt a valid email or already been used in the system
2019-04-11 15:15:19,501 [1] WARN KanbanProject.IntefaceLayer.Program - Invalid input: email isnt a valid email or already been used in the system
2019-04-11 15:15:19,503 [1] ERROR KanbanProject.IntefaceLayer.Program - Password do not match to user.
2019-04-11 15:15:19,503 [1] WARN KanbanProject.IntefaceLayer.Program - Email address does not exist in the system.
2019-04-11 15:15:19,503 [1] INFO KanbanProject.IntefaceLayer.Program - User with email dorin.m96@gmail.com logged in.
2019-04-11 15:15:21,077 [1] INFO KanbanProject.IntefaceLayer.Program - New task was added.
2019-04-11 15:15:21,077 [1] WARN KanbanProject.IntefaceLayer.Program - Task adding has failed, one of the task's inputs was invalid
2019-04-11 15:15:21,078 [1] WARN KanbanProject.IntefaceLayer.Program - Task adding has failed, one of the task's inputs was invalid
2019-04-11 15:18:08,825 [1] INFO KanbanProject.IntefaceLayer.Program - New registration by user with email: dm1996@walla.com
2019-04-11 15:18:08,835 [1] WARN KanbanProject.IntefaceLayer.Program - Invalid input: password do not contain the requested elements
2019-04-11 15:18:08,871 [1] WARN KanbanProject.IntefaceLayer.Program - Invalid input: email isnt a valid email or already been used in the system
2019-04-11 15:18:08,872 [1] WARN KanbanProject.IntefaceLayer.Program - Invalid input: email isnt a valid email or already been used in the system
2019-04-11 15:18:08,872 [1] ERROR KanbanProject.IntefaceLayer.Program - Password do not match to user.
2019-04-11 15:18:08,873 [1] WARN KanbanProject.IntefaceLayer.Program - Email address does not exist in the system.
2019-04-11 15:18:08,873 [1] INFO KanbanProject.IntefaceLayer.Program - User with email dorin.m96@gmail.com logged in.
2019-04-11 15:18:08,888 [1] INFO KanbanProject.IntefaceLayer.Program - New task was added.
2019-04-11 15:18:08,888 [1] WARN KanbanProject.IntefaceLayer.Program - Task adding has failed, one of the task's inputs was invalid
2019-04-11 15:18:08,888 [1] WARN KanbanProject.IntefaceLayer.Program - Task adding has failed, one of the task's inputs was invalid
2019-04-11 15:18:17,795 [1] WARN KanbanProject.IntefaceLayer.Program - Invalid input: email isnt a valid email or already been used in the system
2019-04-11 15:18:17,810 [1] WARN KanbanProject.IntefaceLayer.Program - Invalid input: password do not contain the requested elements
2019-04-11 15:18:17,841 [1] WARN KanbanProject.IntefaceLayer.Program - Invalid input: email isnt a valid email or already been used in the system
2019-04-11 15:18:17,841 [1] WARN KanbanProject.IntefaceLayer.Program - Invalid input: email isnt a valid email or already been used in the system
2019-04-11 15:18:17,842 [1] ERROR KanbanProject.IntefaceLayer.Program - Password do not match to user.
2019-04-11 15:18:17,842 [1] WARN KanbanProject.IntefaceLayer.Program - Email address does not exist in the system.
2019-04-11 15:18:17,843 [1] INFO KanbanProject.IntefaceLayer.Program - User with email dorin.m96@gmail.com logged in.
2019-04-11 15:18:17,861 [1] INFO KanbanProject.IntefaceLayer.Program - New task was added.
2019-04-11 15:18:17,862 [1] WARN KanbanProject.IntefaceLayer.Program - Task adding has failed, one of the task's inputs was invalid
2019-04-11 15:18:17,862 [1] WARN KanbanProject.IntefaceLayer.Program - Task adding has failed, one of the task's inputs was invalid
2019-04-11 15:26:07,333 [1] WARN KanbanProject.IntefaceLayer.Program - Invalid input: email isnt a valid email or already been used in the system
2019-04-11 15:26:07,348 [1] WARN KanbanProject.IntefaceLayer.Program - Invalid input: password do not contain the requested elements
2019-04-11 15:26:07,373 [1] WARN KanbanProject.IntefaceLayer.Program - Invalid input: email isnt a valid email or already been used in the system
2019-04-11 15:26:07,373 [1] WARN KanbanProject.IntefaceLayer.Program - Invalid input: email isnt a valid email or already been used in the system
2019-04-11 15:26:07,374 [1] ERROR KanbanProject.IntefaceLayer.Program - Password do not match to user.
2019-04-11 15:26:07,374 [1] WARN KanbanProject.IntefaceLayer.Program - Email address does not exist in the system.
2019-04-11 15:26:07,375 [1] INFO KanbanProject.IntefaceLayer.Program - User with email dorin.m96@gmail.com logged in.
2019-04-11 15:26:07,391 [1] INFO KanbanProject.IntefaceLayer.Program - New task was added.
2019-04-11 15:26:07,392 [1] WARN KanbanProject.IntefaceLayer.Program - Task adding has failed, one of the task's inputs was invalid
2019-04-11 15:26:07,392 [1] WARN KanbanProject.IntefaceLayer.Program - Task adding has failed, one of the task's inputs was invalid
2019-04-11 15:26:07,393 [1] WARN KanbanProject.IntefaceLayer.Program - Task moving failed for the one of the following reasons: the next column was full, the task id doesn't exist, the user tried to move a task from the 'done column'
2019-04-11 15:26:07,394 [1] WARN KanbanProject.IntefaceLayer.Program - Task moving failed for the one of the following reasons: the next column was full, the task id doesn't exist, the user tried to move a task from the 'done column'
2019-04-11 15:26:07,395 [1] WARN KanbanProject.IntefaceLayer.Program - Task moving failed for the one of the following reasons: the next column was full, the task id doesn't exist, the user tried to move a task from the 'done column'
2019-04-11 15:26:07,397 [1] WARN KanbanProject.IntefaceLayer.Program - Invalid date.
2019-04-11 15:27:36,665 [1] WARN KanbanProject.IntefaceLayer.Program - Invalid input: email isnt a valid email or already been used in the system
2019-04-11 15:27:36,683 [1] WARN KanbanProject.IntefaceLayer.Program - Invalid input: password do not contain the requested elements
2019-04-11 15:27:36,714 [1] WARN KanbanProject.IntefaceLayer.Program - Invalid input: email isnt a valid email or already been used in the system
2019-04-11 15:27:36,715 [1] WARN KanbanProject.IntefaceLayer.Program - Invalid input: email isnt a valid email or already been used in the system
2019-04-11 15:27:36,716 [1] ERROR KanbanProject.IntefaceLayer.Program - Password do not match to user.
2019-04-11 15:27:36,716 [1] WARN KanbanProject.IntefaceLayer.Program - Email address does not exist in the system.
2019-04-11 15:27:36,716 [1] INFO KanbanProject.IntefaceLayer.Program - User with email dorin.m96@gmail.com logged in.
2019-04-11 15:27:36,733 [1] INFO KanbanProject.IntefaceLayer.Program - New task was added.
2019-04-11 15:27:36,733 [1] WARN KanbanProject.IntefaceLayer.Program - Task adding has failed, one of the task's inputs was invalid
2019-04-11 15:27:36,733 [1] WARN KanbanProject.IntefaceLayer.Program - Task adding has failed, one of the task's inputs was invalid
2019-04-11 15:27:36,735 [1] WARN KanbanProject.IntefaceLayer.Program - Task moving failed for the one of the following reasons: the next column was full, the task id doesn't exist, the user tried to move a task from the 'done column'
2019-04-11 15:27:36,736 [1] WARN KanbanProject.IntefaceLayer.Program - Task moving failed for the one of the following reasons: the next column was full, the task id doesn't exist, the user tried to move a task from the 'done column'
2019-04-11 15:27:36,739 [1] WARN KanbanProject.IntefaceLayer.Program - Task moving failed for the one of the following reasons: the next column was full, the task id doesn't exist, the user tried to move a task from the 'done column'
2019-04-11 15:27:36,741 [1] WARN KanbanProject.IntefaceLayer.Program - Task updating has failed, one of the task's inputs was invalid.
2019-04-11 15:30:06,600 [1] WARN KanbanProject.IntefaceLayer.Program - Invalid input: email isnt a valid email or already been used in the system
2019-04-11 15:30:06,612 [1] WARN KanbanProject.IntefaceLayer.Program - Invalid input: password do not contain the requested elements
2019-04-11 15:30:06,639 [1] WARN KanbanProject.IntefaceLayer.Program - Invalid input: email isnt a valid email or already been used in the system
2019-04-11 15:30:06,640 [1] WARN KanbanProject.IntefaceLayer.Program - Invalid input: email isnt a valid email or already been used in the system
2019-04-11 15:30:06,642 [1] ERROR KanbanProject.IntefaceLayer.Program - Password do not match to user.
2019-04-11 15:30:06,642 [1] WARN KanbanProject.IntefaceLayer.Program - Email address does not exist in the system.
2019-04-11 15:30:06,643 [1] INFO KanbanProject.IntefaceLayer.Program - User with email dorin.m96@gmail.com logged in.
2019-04-11 15:30:06,707 [1] INFO KanbanProject.IntefaceLayer.Program - New task was added.
2019-04-11 15:30:06,708 [1] WARN KanbanProject.IntefaceLayer.Program - Task adding has failed, one of the task's inputs was invalid
2019-04-11 15:30:06,708 [1] WARN KanbanProject.IntefaceLayer.Program - Task adding has failed, one of the task's inputs was invalid
2019-04-11 15:30:06,710 [1] WARN KanbanProject.IntefaceLayer.Program - Task moving failed for the one of the following reasons: the next column was full, the task id doesn't exist, the user tried to move a task from the 'done column'
2019-04-11 15:30:06,710 [1] WARN KanbanProject.IntefaceLayer.Program - Task moving failed for the one of the following reasons: the next column was full, the task id doesn't exist, the user tried to move a task from the 'done column'
2019-04-11 15:30:06,711 [1] WARN KanbanProject.IntefaceLayer.Program - Task moving failed for the one of the following reasons: the next column was full, the task id doesn't exist, the user tried to move a task from the 'done column'
2019-04-11 15:30:06,713 [1] WARN KanbanProject.IntefaceLayer.Program - Task updating has failed, one of the task's inputs was invalid.
2019-04-11 15:30:06,721 [1] INFO KanbanProject.IntefaceLayer.Program - Task with id: 1 was edited.
2019-04-11 15:30:06,722 [1] INFO KanbanProject.IntefaceLayer.Program - Invalid input
2019-04-11 15:30:06,798 [1] INFO KanbanProject.IntefaceLayer.Program - Task with id: 1 was removed.
2019-04-11 15:34:10,447 [1] WARN KanbanProject.IntefaceLayer.Program - Invalid input: email isnt a valid email or already been used in the system
2019-04-11 15:34:10,463 [1] WARN KanbanProject.IntefaceLayer.Program - Invalid input: password do not contain the requested elements
2019-04-11 15:34:10,479 [1] WARN KanbanProject.IntefaceLayer.Program - Invalid input: email isnt a valid email or already been used in the system
2019-04-11 15:34:10,480 [1] WARN KanbanProject.IntefaceLayer.Program - Invalid input: email isnt a valid email or already been used in the system
2019-04-11 15:34:10,481 [1] ERROR KanbanProject.IntefaceLayer.Program - Password do not match to user.
2019-04-11 15:34:10,482 [1] WARN KanbanProject.IntefaceLayer.Program - Email address does not exist in the system.
2019-04-11 15:34:10,482 [1] INFO KanbanProject.IntefaceLayer.Program - User with email dorin.m96@gmail.com logged in.
2019-04-11 15:34:10,525 [1] INFO KanbanProject.IntefaceLayer.Program - New task was added.
2019-04-11 15:34:10,535 [1] INFO KanbanProject.IntefaceLayer.Program - New task was added.
2019-04-11 15:34:10,545 [1] INFO KanbanProject.IntefaceLayer.Program - New task was added.
2019-04-11 15:34:10,554 [1] INFO KanbanProject.IntefaceLayer.Program - New task was added.
2019-04-11 15:34:10,554 [1] WARN KanbanProject.IntefaceLayer.Program - Task adding has failed, one of the task's inputs was invalid
2019-04-11 15:34:10,554 [1] WARN KanbanProject.IntefaceLayer.Program - Task adding has failed, one of the task's inputs was invalid
2019-04-11 15:34:10,556 [1] WARN KanbanProject.IntefaceLayer.Program - Task moving failed for the one of the following reasons: the next column was full, the task id doesn't exist, the user tried to move a task from the 'done column'
2019-04-11 15:34:10,556 [1] WARN KanbanProject.IntefaceLayer.Program - Task moving failed for the one of the following reasons: the next column was full, the task id doesn't exist, the user tried to move a task from the 'done column'
2019-04-11 15:34:10,557 [1] WARN KanbanProject.IntefaceLayer.Program - Task moving failed for the one of the following reasons: the next column was full, the task id doesn't exist, the user tried to move a task from the 'done column'
2019-04-11 15:34:10,559 [1] WARN KanbanProject.IntefaceLayer.Program - Task updating has failed, one of the task's inputs was invalid.
2019-04-11 15:34:10,560 [1] WARN KanbanProject.IntefaceLayer.Program - Task updating has failed, one of the task's inputs was invalid.
2019-04-11 15:34:10,571 [1] INFO KanbanProject.IntefaceLayer.Program - Task with id: 5 was removed.
2019-04-11 15:34:10,572 [1] WARN KanbanProject.IntefaceLayer.Program - Task removing failed, task with id: 1 does not exist.
2019-04-11 15:34:10,598 [1] INFO KanbanProject.IntefaceLayer.Program - Task with id: 2 was removed.
2019-04-11 15:34:10,677 [1] INFO KanbanProject.IntefaceLayer.Program - Task with id: 3 was removed.
2019-04-11 15:37:15,106 [1] WARN KanbanProject.IntefaceLayer.Program - Invalid input: email isnt a valid email or already been used in the system
2019-04-11 15:37:15,123 [1] WARN KanbanProject.IntefaceLayer.Program - Invalid input: password do not contain the requested elements
2019-04-11 15:37:15,158 [1] WARN KanbanProject.IntefaceLayer.Program - Invalid input: email isnt a valid email or already been used in the system
2019-04-11 15:37:15,159 [1] WARN KanbanProject.IntefaceLayer.Program - Invalid input: email isnt a valid email or already been used in the system
2019-04-11 15:37:15,160 [1] ERROR KanbanProject.IntefaceLayer.Program - Password do not match to user.
2019-04-11 15:37:15,160 [1] WARN KanbanProject.IntefaceLayer.Program - Email address does not exist in the system.
2019-04-11 15:37:15,160 [1] INFO KanbanProject.IntefaceLayer.Program - User with email shahar.bardugo96@gmail.com logged in.
2019-04-11 15:37:15,174 [1] INFO KanbanProject.IntefaceLayer.Program - New task was added.
2019-04-11 15:37:15,175 [1] WARN KanbanProject.IntefaceLayer.Program - Task adding has failed, one of the task's inputs was invalid
2019-04-11 15:37:15,175 [1] WARN KanbanProject.IntefaceLayer.Program - Task adding has failed, one of the task's inputs was invalid
2019-04-11 15:37:15,175 [1] WARN KanbanProject.IntefaceLayer.Program - Task adding has failed, one of the task's inputs was invalid
2019-04-11 15:37:15,176 [1] WARN KanbanProject.IntefaceLayer.Program - Task adding has failed, one of the task's inputs was invalid
2019-04-11 15:37:15,177 [1] WARN KanbanProject.IntefaceLayer.Program - Task adding has failed, one of the task's inputs was invalid
2019-04-11 15:37:15,182 [1] WARN KanbanProject.IntefaceLayer.Program - Task moving failed for the one of the following reasons: the next column was full, the task id doesn't exist, the user tried to move a task from the 'done column'
2019-04-11 15:37:15,185 [1] WARN KanbanProject.IntefaceLayer.Program - Task moving failed for the one of the following reasons: the next column was full, the task id doesn't exist, the user tried to move a task from the 'done column'
2019-04-11 15:37:15,188 [1] WARN KanbanProject.IntefaceLayer.Program - Task moving failed for the one of the following reasons: the next column was full, the task id doesn't exist, the user tried to move a task from the 'done column'
2019-04-11 15:37:15,194 [1] WARN KanbanProject.IntefaceLayer.Program - Task updating has failed, one of the task's inputs was invalid.
2019-04-11 15:37:15,203 [1] INFO KanbanProject.IntefaceLayer.Program - Task with id: 1 was edited.
2019-04-11 15:37:15,217 [1] INFO KanbanProject.IntefaceLayer.Program - Task with id: 5 was removed.
2019-04-11 15:37:15,228 [1] INFO KanbanProject.IntefaceLayer.Program - Task with id: 1 was removed.
2019-04-11 15:37:15,301 [1] INFO KanbanProject.IntefaceLayer.Program - Task with id: 2 was removed.
2019-04-11 15:37:15,303 [1] WARN KanbanProject.IntefaceLayer.Program - Task removing failed, task with id: 3 does not exist.
2019-04-11 15:38:30,609 [1] WARN KanbanProject.IntefaceLayer.Program - Invalid input: email isnt a valid email or already been used in the system
2019-04-11 15:38:30,626 [1] WARN KanbanProject.IntefaceLayer.Program - Invalid input: password do not contain the requested elements
2019-04-11 15:38:30,660 [1] WARN KanbanProject.IntefaceLayer.Program - Invalid input: email isnt a valid email or already been used in the system
2019-04-11 15:38:30,661 [1] WARN KanbanProject.IntefaceLayer.Program - Invalid input: email isnt a valid email or already been used in the system
2019-04-11 15:38:30,662 [1] ERROR KanbanProject.IntefaceLayer.Program - Password do not match to user.
2019-04-11 15:38:30,662 [1] WARN KanbanProject.IntefaceLayer.Program - Email address does not exist in the system.
2019-04-11 15:38:30,662 [1] INFO KanbanProject.IntefaceLayer.Program - User with email shahar.bardugo96@gmail.com logged in.
2019-04-11 15:38:30,665 [1] WARN KanbanProject.IntefaceLayer.Program - Task adding has failed, one of the task's inputs was invalid
2019-04-11 15:38:30,665 [1] WARN KanbanProject.IntefaceLayer.Program - Task adding has failed, one of the task's inputs was invalid
2019-04-11 15:38:30,666 [1] WARN KanbanProject.IntefaceLayer.Program - Task adding has failed, one of the task's inputs was invalid
2019-04-11 15:38:30,666 [1] WARN KanbanProject.IntefaceLayer.Program - Task adding has failed, one of the task's inputs was invalid
2019-04-11 15:38:30,668 [1] WARN KanbanProject.IntefaceLayer.Program - Task adding has failed, one of the task's inputs was invalid
2019-04-11 15:38:30,669 [1] WARN KanbanProject.IntefaceLayer.Program - Task adding has failed, one of the task's inputs was invalid
2019-04-11 15:38:30,677 [1] WARN KanbanProject.IntefaceLayer.Program - Task moving failed for the one of the following reasons: the next column was full, the task id doesn't exist, the user tried to move a task from the 'done column'
2019-04-11 15:38:30,678 [1] WARN KanbanProject.IntefaceLayer.Program - Task moving failed for the one of the following reasons: the next column was full, the task id doesn't exist, the user tried to move a task from the 'done column'
2019-04-11 15:38:30,680 [1] WARN KanbanProject.IntefaceLayer.Program - Task moving failed for the one of the following reasons: the next column was full, the task id doesn't exist, the user tried to move a task from the 'done column'
2019-04-11 15:38:30,683 [1] WARN KanbanProject.IntefaceLayer.Program - Task updating has failed, one of the task's inputs was invalid.
2019-04-11 15:38:30,688 [1] WARN KanbanProject.IntefaceLayer.Program - Task updating has failed, one of the task's inputs was invalid.
2019-04-11 15:38:30,692 [1] WARN KanbanProject.IntefaceLayer.Program - Task removing failed, task with id: 10 does not exist.
2019-04-11 15:38:30,693 [1] WARN KanbanProject.IntefaceLayer.Program - Task removing failed, task with id: 1 does not exist.
2019-04-11 15:38:30,695 [1] WARN KanbanProject.IntefaceLayer.Program - Task removing failed, task with id: 2 does not exist.
2019-04-11 15:38:30,701 [1] WARN KanbanProject.IntefaceLayer.Program - Task removing failed, task with id: 3 does not exist.
2019-04-11 15:39:44,706 [1] WARN KanbanProject.IntefaceLayer.Program - Invalid input: email isnt a valid email or already been used in the system
2019-04-11 15:39:44,724 [1] WARN KanbanProject.IntefaceLayer.Program - Invalid input: password do not contain the requested elements
2019-04-11 15:39:44,746 [1] WARN KanbanProject.IntefaceLayer.Program - Invalid input: email isnt a valid email or already been used in the system
2019-04-11 15:39:44,748 [1] WARN KanbanProject.IntefaceLayer.Program - Invalid input: email isnt a valid email or already been used in the system
2019-04-11 15:39:44,749 [1] ERROR KanbanProject.IntefaceLayer.Program - Password do not match to user.
2019-04-11 15:39:44,750 [1] WARN KanbanProject.IntefaceLayer.Program - Email address does not exist in the system.
2019-04-11 15:39:44,750 [1] INFO KanbanProject.IntefaceLayer.Program - User with email shahar.bardugo96@gmail.com logged in.
2019-04-11 15:39:44,752 [1] WARN KanbanProject.IntefaceLayer.Program - Task adding has failed, one of the task's inputs was invalid
2019-04-11 15:39:44,752 [1] WARN KanbanProject.IntefaceLayer.Program - Task adding has failed, one of the task's inputs was invalid
2019-04-11 15:39:44,752 [1] WARN KanbanProject.IntefaceLayer.Program - Task adding has failed, one of the task's inputs was invalid
2019-04-11 15:39:44,754 [1] WARN KanbanProject.IntefaceLayer.Program - Task adding has failed, one of the task's inputs was invalid
2019-04-11 15:39:44,755 [1] WARN KanbanProject.IntefaceLayer.Program - Task adding has failed, one of the task's inputs was invalid
2019-04-11 15:39:44,759 [1] WARN KanbanProject.IntefaceLayer.Program - Task adding has failed, one of the task's inputs was invalid
2019-04-11 15:39:44,763 [1] WARN KanbanProject.IntefaceLayer.Program - Task moving failed for the one of the following reasons: the next column was full, the task id doesn't exist, the user tried to move a task from the 'done column'
2019-04-11 15:39:44,766 [1] WARN KanbanProject.IntefaceLayer.Program - Task moving failed for the one of the following reasons: the next column was full, the task id doesn't exist, the user tried to move a task from the 'done column'
2019-04-11 15:39:44,769 [1] WARN KanbanProject.IntefaceLayer.Program - Task moving failed for the one of the following reasons: the next column was full, the task id doesn't exist, the user tried to move a task from the 'done column'
2019-04-11 15:39:44,772 [1] WARN KanbanProject.IntefaceLayer.Program - Task updating has failed, one of the task's inputs was invalid.
2019-04-11 15:39:44,775 [1] WARN KanbanProject.IntefaceLayer.Program - Task updating has failed, one of the task's inputs was invalid.
2019-04-11 15:39:44,778 [1] WARN KanbanProject.IntefaceLayer.Program - Task removing failed, task with id: 10 does not exist.
2019-04-11 15:39:44,782 [1] WARN KanbanProject.IntefaceLayer.Program - Task removing failed, task with id: 1 does not exist.
2019-04-11 15:39:44,784 [1] WARN KanbanProject.IntefaceLayer.Program - Task removing failed, task with id: 2 does not exist.
2019-04-11 15:39:44,786 [1] WARN KanbanProject.IntefaceLayer.Program - Task removing failed, task with id: 3 does not exist.
2019-04-11 15:40:48,216 [1] INFO KanbanProject.IntefaceLayer.UserInterface - User with email shahar.bardugo96@gmail.com logged in.
2019-04-11 15:41:52,065 [1] WARN KanbanProject.IntefaceLayer.Program - Invalid input: email isnt a valid email or already been used in the system
2019-04-11 15:41:52,078 [1] WARN KanbanProject.IntefaceLayer.Program - Invalid input: password do not contain the requested elements
2019-04-11 15:41:52,094 [1] WARN KanbanProject.IntefaceLayer.Program - Invalid input: email isnt a valid email or already been used in the system
2019-04-11 15:41:52,095 [1] WARN KanbanProject.IntefaceLayer.Program - Invalid input: email isnt a valid email or already been used in the system
2019-04-11 15:41:52,096 [1] ERROR KanbanProject.IntefaceLayer.Program - Password do not match to user.
2019-04-11 15:41:52,096 [1] WARN KanbanProject.IntefaceLayer.Program - Email address does not exist in the system.
2019-04-11 15:41:52,096 [1] INFO KanbanProject.IntefaceLayer.Program - User with email shahar.bardugo96@gmail.com logged in.
2019-04-11 15:41:52,113 [1] INFO KanbanProject.IntefaceLayer.Program - New task was added.
2019-04-11 15:41:52,125 [1] INFO KanbanProject.IntefaceLayer.Program - New task was added.
2019-04-11 15:41:52,135 [1] INFO KanbanProject.IntefaceLayer.Program - New task was added.
2019-04-11 15:41:52,135 [1] WARN KanbanProject.IntefaceLayer.Program - Task adding has failed, one of the task's inputs was invalid
2019-04-11 15:41:52,135 [1] WARN KanbanProject.IntefaceLayer.Program - Task adding has failed, one of the task's inputs was invalid
2019-04-11 15:41:52,136 [1] WARN KanbanProject.IntefaceLayer.Program - Task adding has failed, one of the task's inputs was invalid
2019-04-11 15:41:52,230 [1] INFO KanbanProject.IntefaceLayer.Program - Task with id: 1 was moved.
2019-04-11 15:41:52,243 [1] INFO KanbanProject.IntefaceLayer.Program - Task with id: 1 was moved.
2019-04-11 15:41:52,243 [1] WARN KanbanProject.IntefaceLayer.Program - Task moving failed for the one of the following reasons: the next column was full, the task id doesn't exist, the user tried to move a task from the 'done column'
2019-04-11 15:41:52,247 [1] WARN KanbanProject.IntefaceLayer.Program - Task updating has failed, one of the task's inputs was invalid.
2019-04-11 15:41:52,253 [1] INFO KanbanProject.IntefaceLayer.Program - Task with id: 1 was edited.
2019-04-11 15:41:52,254 [1] WARN KanbanProject.IntefaceLayer.Program - Task removing failed, task with id: 10 does not exist.
2019-04-11 15:41:52,264 [1] INFO KanbanProject.IntefaceLayer.Program - Task with id: 1 was removed.
2019-04-11 15:41:52,273 [1] INFO KanbanProject.IntefaceLayer.Program - Task with id: 2 was removed.
2019-04-11 15:41:52,282 [1] INFO KanbanProject.IntefaceLayer.Program - Task with id: 3 was removed.
2019-04-11 15:44:15,394 [1] WARN KanbanProject.IntefaceLayer.Program - Invalid input: email isnt a valid email or already been used in the system
2019-04-11 15:44:15,409 [1] WARN KanbanProject.IntefaceLayer.Program - Invalid input: password do not contain the requested elements
2019-04-11 15:44:15,430 [1] WARN KanbanProject.IntefaceLayer.Program - Invalid input: email isnt a valid email or already been used in the system
2019-04-11 15:44:15,432 [1] WARN KanbanProject.IntefaceLayer.Program - Invalid input: email isnt a valid email or already been used in the system
2019-04-11 15:44:15,432 [1] ERROR KanbanProject.IntefaceLayer.Program - Password do not match to user.
2019-04-11 15:44:15,433 [1] WARN KanbanProject.IntefaceLayer.Program - Email address does not exist in the system.
2019-04-11 15:44:15,433 [1] INFO KanbanProject.IntefaceLayer.Program - User with email shahar.bardugo96@gmail.com logged in.
2019-04-11 15:44:15,453 [1] INFO KanbanProject.IntefaceLayer.Program - New task was added.
2019-04-11 15:44:15,463 [1] INFO KanbanProject.IntefaceLayer.Program - New task was added.
2019-04-11 15:44:15,625 [1] INFO KanbanProject.IntefaceLayer.Program - New task was added.
2019-04-11 15:44:15,625 [1] WARN KanbanProject.IntefaceLayer.Program - Task adding has failed, one of the task's inputs was invalid
2019-04-11 15:44:15,625 [1] WARN KanbanProject.IntefaceLayer.Program - Task adding has failed, one of the task's inputs was invalid
2019-04-11 15:44:15,626 [1] WARN KanbanProject.IntefaceLayer.Program - Task adding has failed, one of the task's inputs was invalid
2019-04-11 15:44:15,713 [1] INFO KanbanProject.IntefaceLayer.Program - Task with id: 1 was moved.
2019-04-11 15:44:15,726 [1] INFO KanbanProject.IntefaceLayer.Program - Task with id: 1 was moved.
2019-04-11 15:44:15,728 [1] WARN KanbanProject.IntefaceLayer.Program - Task moving failed for the one of the following reasons: the next column was full, the task id doesn't exist, the user tried to move a task from the 'done column'
2019-04-11 15:44:15,732 [1] WARN KanbanProject.IntefaceLayer.Program - Task updating has failed, one of the task's inputs was invalid.
2019-04-11 15:44:15,738 [1] INFO KanbanProject.IntefaceLayer.Program - Task with id: 1 was edited.
2019-04-11 15:44:15,741 [1] WARN KanbanProject.IntefaceLayer.Program - Task removing failed, task with id: 10 does not exist.
2019-04-11 15:44:15,752 [1] INFO KanbanProject.IntefaceLayer.Program - Task with id: 1 was removed.
2019-04-11 15:44:15,761 [1] INFO KanbanProject.IntefaceLayer.Program - Task with id: 2 was removed.
2019-04-11 15:44:15,770 [1] INFO KanbanProject.IntefaceLayer.Program - Task with id: 3 was removed.
2019-04-11 15:51:11,662 [1] WARN KanbanProject.IntefaceLayer.Program - Invalid input: email isnt a valid email or already been used in the system
2019-04-11 15:51:11,676 [1] WARN KanbanProject.IntefaceLayer.Program - Invalid input: password do not contain the requested elements
2019-04-11 15:51:11,692 [1] WARN KanbanProject.IntefaceLayer.Program - Invalid input: email isnt a valid email or already been used in the system
2019-04-11 15:51:11,693 [1] WARN KanbanProject.IntefaceLayer.Program - Invalid input: email isnt a valid email or already been used in the system
2019-04-11 15:51:11,695 [1] ERROR KanbanProject.IntefaceLayer.Program - Password do not match to user.
2019-04-11 15:51:11,695 [1] WARN KanbanProject.IntefaceLayer.Program - Email address does not exist in the system.
2019-04-11 15:51:11,695 [1] INFO KanbanProject.IntefaceLayer.Program - User with email shahar.bardugo96@gmail.com logged in.
2019-04-11 15:51:11,709 [1] INFO KanbanProject.IntefaceLayer.Program - New task was added.
2019-04-11 15:51:11,719 [1] INFO KanbanProject.IntefaceLayer.Program - New task was added.
2019-04-11 15:51:11,804 [1] INFO KanbanProject.IntefaceLayer.Program - New task was added.
2019-04-11 15:51:11,805 [1] WARN KanbanProject.IntefaceLayer.Program - Task adding has failed, one of the task's inputs was invalid
2019-04-11 15:51:11,805 [1] WARN KanbanProject.IntefaceLayer.Program - Task adding has failed, one of the task's inputs was invalid
2019-04-11 15:51:11,806 [1] WARN KanbanProject.IntefaceLayer.Program - Task adding has failed, one of the task's inputs was invalid
2019-04-11 15:51:11,898 [1] INFO KanbanProject.IntefaceLayer.Program - Task with id: 1 was moved.
2019-04-11 15:51:11,920 [1] INFO KanbanProject.IntefaceLayer.Program - Task with id: 1 was moved.
2019-04-11 15:51:11,921 [1] WARN KanbanProject.IntefaceLayer.Program - Task moving failed for the one of the following reasons: the next column was full, the task id doesn't exist, the user tried to move a task from the 'done column'
2019-04-11 15:51:11,924 [1] WARN KanbanProject.IntefaceLayer.Program - Task updating has failed, one of the task's inputs was invalid.
2019-04-11 15:51:11,931 [1] INFO KanbanProject.IntefaceLayer.Program - Task with id: 1 was edited.
2019-04-11 15:51:11,933 [1] WARN KanbanProject.IntefaceLayer.Program - Task removing failed, task with id: 10 does not exist.
2019-04-11 15:51:11,945 [1] INFO KanbanProject.IntefaceLayer.Program - Task with id: 1 was removed.
2019-04-11 15:51:12,023 [1] INFO KanbanProject.IntefaceLayer.Program - Task with id: 2 was removed.
2019-04-11 15:51:12,032 [1] INFO KanbanProject.IntefaceLayer.Program - Task with id: 3 was removed.
2019-04-11 15:52:50,031 [1] WARN KanbanProject.IntefaceLayer.Program - Invalid input: email isnt a valid email or already been used in the system
2019-04-11 15:52:50,046 [1] WARN KanbanProject.IntefaceLayer.Program - Invalid input: password do not contain the requested elements
2019-04-11 15:52:50,063 [1] WARN KanbanProject.IntefaceLayer.Program - Invalid input: email isnt a valid email or already been used in the system
2019-04-11 15:52:50,064 [1] WARN KanbanProject.IntefaceLayer.Program - Invalid input: email isnt a valid email or already been used in the system
2019-04-11 15:52:50,065 [1] ERROR KanbanProject.IntefaceLayer.Program - Password do not match to user.
2019-04-11 15:52:50,065 [1] WARN KanbanProject.IntefaceLayer.Program - Email address does not exist in the system.
2019-04-11 15:52:50,066 [1] INFO KanbanProject.IntefaceLayer.Program - User with email shahar.bardugo96@gmail.com logged in.
2019-04-11 15:52:50,083 [1] INFO KanbanProject.IntefaceLayer.Program - New task was added.
2019-04-11 15:52:50,094 [1] INFO KanbanProject.IntefaceLayer.Program - New task was added.
2019-04-11 15:52:50,101 [1] INFO KanbanProject.IntefaceLayer.Program - New task was added.
2019-04-11 15:52:50,101 [1] WARN KanbanProject.IntefaceLayer.Program - Task adding has failed, one of the task's inputs was invalid
2019-04-11 15:52:50,101 [1] WARN KanbanProject.IntefaceLayer.Program - Task adding has failed, one of the task's inputs was invalid
2019-04-11 15:52:50,101 [1] WARN KanbanProject.IntefaceLayer.Program - Task adding has failed, one of the task's inputs was invalid
2019-04-11 15:52:50,119 [1] INFO KanbanProject.IntefaceLayer.Program - Task with id: 1 was moved.
2019-04-11 15:52:50,138 [1] INFO KanbanProject.IntefaceLayer.Program - Task with id: 1 was moved.
2019-04-11 15:52:50,141 [1] WARN KanbanProject.IntefaceLayer.Program - Task moving failed for the one of the following reasons: the next column was full, the task id doesn't exist, the user tried to move a task from the 'done column'
2019-04-11 15:52:50,146 [1] WARN KanbanProject.IntefaceLayer.Program - Task updating has failed, one of the task's inputs was invalid.
2019-04-11 15:52:50,201 [1] INFO KanbanProject.IntefaceLayer.Program - Task with id: 1 was edited.
2019-04-11 15:52:50,203 [1] WARN KanbanProject.IntefaceLayer.Program - Task removing failed, task with id: 10 does not exist.
2019-04-11 15:52:50,215 [1] INFO KanbanProject.IntefaceLayer.Program - Task with id: 1 was removed.
2019-04-11 15:52:50,225 [1] INFO KanbanProject.IntefaceLayer.Program - Task with id: 2 was removed.
2019-04-11 15:52:50,236 [1] INFO KanbanProject.IntefaceLayer.Program - Task with id: 3 was removed.
2019-04-11 15:53:51,630 [1] WARN KanbanProject.IntefaceLayer.Program - Invalid input: email isnt a valid email or already been used in the system
2019-04-11 15:53:51,645 [1] WARN KanbanProject.IntefaceLayer.Program - Invalid input: password do not contain the requested elements
2019-04-11 15:53:51,681 [1] WARN KanbanProject.IntefaceLayer.Program - Invalid input: email isnt a valid email or already been used in the system
2019-04-11 15:53:51,682 [1] WARN KanbanProject.IntefaceLayer.Program - Invalid input: email isnt a valid email or already been used in the system
2019-04-11 15:53:51,683 [1] ERROR KanbanProject.IntefaceLayer.Program - Password do not match to user.
2019-04-11 15:53:51,683 [1] WARN KanbanProject.IntefaceLayer.Program - Email address does not exist in the system.
2019-04-11 15:53:51,683 [1] INFO KanbanProject.IntefaceLayer.Program - User with email shahar.bardugo96@gmail.com logged in.
2019-04-11 15:53:51,699 [1] INFO KanbanProject.IntefaceLayer.Program - New task was added.
2019-04-11 15:53:51,709 [1] INFO KanbanProject.IntefaceLayer.Program - New task was added.
2019-04-11 15:53:51,719 [1] INFO KanbanProject.IntefaceLayer.Program - New task was added.
2019-04-11 15:53:51,719 [1] WARN KanbanProject.IntefaceLayer.Program - Task adding has failed, one of the task's inputs was invalid
2019-04-11 15:53:51,719 [1] WARN KanbanProject.IntefaceLayer.Program - Task adding has failed, one of the task's inputs was invalid
2019-04-11 15:53:51,720 [1] WARN KanbanProject.IntefaceLayer.Program - Task adding has failed, one of the task's inputs was invalid
2019-04-11 15:53:51,738 [1] INFO KanbanProject.IntefaceLayer.Program - Task with id: 1 was moved.
2019-04-11 15:53:51,755 [1] INFO KanbanProject.IntefaceLayer.Program - Task with id: 1 was moved.
2019-04-11 15:53:51,757 [1] WARN KanbanProject.IntefaceLayer.Program - Task moving failed for the one of the following reasons: the next column was full, the task id doesn't exist, the user tried to move a task from the 'done column'
2019-04-11 15:53:51,761 [1] WARN KanbanProject.IntefaceLayer.Program - Task updating has failed, one of the task's inputs was invalid.
2019-04-11 15:53:51,767 [1] INFO KanbanProject.IntefaceLayer.Program - Task with id: 1 was edited.
2019-04-11 15:53:51,769 [1] WARN KanbanProject.IntefaceLayer.Program - Task removing failed, task with id: 10 does not exist.
2019-04-11 15:53:51,780 [1] INFO KanbanProject.IntefaceLayer.Program - Task with id: 1 was removed.
2019-04-11 15:53:51,792 [1] INFO KanbanProject.IntefaceLayer.Program - Task with id: 2 was removed.
2019-04-11 15:53:51,803 [1] INFO KanbanProject.IntefaceLayer.Program - Task with id: 3 was removed.
2019-04-11 15:55:01,109 [1] WARN KanbanProject.IntefaceLayer.Program - Invalid input: email isnt a valid email or already been used in the system
2019-04-11 15:55:01,122 [1] WARN KanbanProject.IntefaceLayer.Program - Invalid input: password do not contain the requested elements
2019-04-11 15:55:01,138 [1] WARN KanbanProject.IntefaceLayer.Program - Invalid input: email isnt a valid email or already been used in the system
2019-04-11 15:55:01,139 [1] WARN KanbanProject.IntefaceLayer.Program - Invalid input: email isnt a valid email or already been used in the system
2019-04-11 15:55:01,139 [1] ERROR KanbanProject.IntefaceLayer.Program - Password do not match to user.
2019-04-11 15:55:01,140 [1] WARN KanbanProject.IntefaceLayer.Program - Email address does not exist in the system.
2019-04-11 15:55:01,140 [1] INFO KanbanProject.IntefaceLayer.Program - User with email shahar.bardugo96@gmail.com logged in.
2019-04-11 15:55:01,155 [1] INFO KanbanProject.IntefaceLayer.Program - New task was added.
2019-04-11 15:55:01,167 [1] INFO KanbanProject.IntefaceLayer.Program - New task was added.
2019-04-11 15:55:01,177 [1] INFO KanbanProject.IntefaceLayer.Program - New task was added.
2019-04-11 15:55:01,177 [1] WARN KanbanProject.IntefaceLayer.Program - Task adding has failed, one of the task's inputs was invalid
2019-04-11 15:55:01,177 [1] WARN KanbanProject.IntefaceLayer.Program - Task adding has failed, one of the task's inputs was invalid
2019-04-11 15:55:01,178 [1] WARN KanbanProject.IntefaceLayer.Program - Task adding has failed, one of the task's inputs was invalid
2019-04-11 15:55:01,201 [1] INFO KanbanProject.IntefaceLayer.Program - Task with id: 1 was moved.
2019-04-11 15:55:01,215 [1] INFO KanbanProject.IntefaceLayer.Program - Task with id: 1 was moved.
2019-04-11 15:55:01,215 [1] WARN KanbanProject.IntefaceLayer.Program - Task moving failed for the one of the following reasons: the next column was full, the task id doesn't exist, the user tried to move a task from the 'done column'
2019-04-11 15:55:01,217 [1] WARN KanbanProject.IntefaceLayer.Program - Task updating has failed, one of the task's inputs was invalid.
2019-04-11 15:55:01,222 [1] INFO KanbanProject.IntefaceLayer.Program - Task with id: 1 was edited.
2019-04-11 15:55:01,223 [1] WARN KanbanProject.IntefaceLayer.Program - Task removing failed, task with id: 10 does not exist.
2019-04-11 15:55:01,235 [1] INFO KanbanProject.IntefaceLayer.Program - Task with id: 1 was removed.
2019-04-11 15:55:01,296 [1] INFO KanbanProject.IntefaceLayer.Program - Task with id: 2 was removed.
2019-04-11 15:55:01,307 [1] INFO KanbanProject.IntefaceLayer.Program - Task with id: 3 was removed.
2019-04-11 16:02:03,964 [1] INFO KanbanProject.IntefaceLayer.Program - New registration by user with email: ees@gmail.com
2019-04-11 16:02:03,974 [1] WARN KanbanProject.IntefaceLayer.Program - Invalid input: password do not contain the requested elements
2019-04-11 16:02:03,991 [1] WARN KanbanProject.IntefaceLayer.Program - Invalid input: email isnt a valid email or already been used in the system
2019-04-11 16:02:03,992 [1] WARN KanbanProject.IntefaceLayer.Program - Invalid input: email isnt a valid email or already been used in the system
2019-04-11 16:02:03,993 [1] ERROR KanbanProject.IntefaceLayer.Program - Password do not match to user.
2019-04-11 16:02:03,994 [1] WARN KanbanProject.IntefaceLayer.Program - Email address does not exist in the system.
2019-04-11 16:02:03,994 [1] INFO KanbanProject.IntefaceLayer.Program - User with email ees@gmail.com logged in.
2019-04-11 16:02:04,006 [1] INFO KanbanProject.IntefaceLayer.Program - New task was added.
2019-04-11 16:02:04,015 [1] INFO KanbanProject.IntefaceLayer.Program - New task was added.
2019-04-11 16:02:04,022 [1] INFO KanbanProject.IntefaceLayer.Program - New task was added.
2019-04-11 16:02:04,023 [1] WARN KanbanProject.IntefaceLayer.Program - Task adding has failed, one of the task's inputs was invalid
2019-04-11 16:02:04,023 [1] WARN KanbanProject.IntefaceLayer.Program - Task adding has failed, one of the task's inputs was invalid
2019-04-11 16:02:04,023 [1] WARN KanbanProject.IntefaceLayer.Program - Task adding has failed, one of the task's inputs was invalid
2019-04-11 16:02:04,114 [1] INFO KanbanProject.IntefaceLayer.Program - Task with id: 1 was moved.
2019-04-11 16:02:04,132 [1] INFO KanbanProject.IntefaceLayer.Program - Task with id: 1 was moved.
2019-04-11 16:02:04,133 [1] WARN KanbanProject.IntefaceLayer.Program - Task moving failed for the one of the following reasons: the next column was full, the task id doesn't exist, the user tried to move a task from the 'done column'
2019-04-11 16:02:04,137 [1] WARN KanbanProject.IntefaceLayer.Program - Task updating has failed, one of the task's inputs was invalid.
2019-04-11 16:02:04,144 [1] INFO KanbanProject.IntefaceLayer.Program - Task with id: 1 was edited.
2019-04-11 16:02:04,146 [1] WARN KanbanProject.IntefaceLayer.Program - Task removing failed, task with id: 10 does not exist.
2019-04-11 16:02:04,158 [1] INFO KanbanProject.IntefaceLayer.Program - Task with id: 1 was removed.
2019-04-11 16:02:04,169 [1] INFO KanbanProject.IntefaceLayer.Program - Task with id: 2 was removed.
2019-04-11 16:02:04,178 [1] INFO KanbanProject.IntefaceLayer.Program - Task with id: 3 was removed.
2019-04-11 16:03:13,798 [1] WARN KanbanProject.IntefaceLayer.Program - Invalid input: email isnt a valid email or already been used in the system
2019-04-11 16:03:13,810 [1] WARN KanbanProject.IntefaceLayer.Program - Invalid input: password do not contain the requested elements
2019-04-11 16:03:13,825 [1] WARN KanbanProject.IntefaceLayer.Program - Invalid input: email isnt a valid email or already been used in the system
2019-04-11 16:03:13,826 [1] WARN KanbanProject.IntefaceLayer.Program - Invalid input: email isnt a valid email or already been used in the system
2019-04-11 16:03:13,827 [1] ERROR KanbanProject.IntefaceLayer.Program - Password do not match to user.
2019-04-11 16:03:13,827 [1] WARN KanbanProject.IntefaceLayer.Program - Email address does not exist in the system.
2019-04-11 16:03:13,827 [1] INFO KanbanProject.IntefaceLayer.Program - User with email ees@gmail.com logged in.
2019-04-11 16:03:13,844 [1] INFO KanbanProject.IntefaceLayer.Program - New task was added.
2019-04-11 16:03:13,855 [1] INFO KanbanProject.IntefaceLayer.Program - New task was added.
2019-04-11 16:03:13,863 [1] INFO KanbanProject.IntefaceLayer.Program - New task was added.
2019-04-11 16:03:13,863 [1] WARN KanbanProject.IntefaceLayer.Program - Task adding has failed, one of the task's inputs was invalid
2019-04-11 16:03:13,864 [1] WARN KanbanProject.IntefaceLayer.Program - Task adding has failed, one of the task's inputs was invalid
2019-04-11 16:03:13,864 [1] WARN KanbanProject.IntefaceLayer.Program - Task adding has failed, one of the task's inputs was invalid
2019-04-11 16:03:13,884 [1] INFO KanbanProject.IntefaceLayer.Program - Task with id: 1 was moved.
2019-04-11 16:03:13,901 [1] INFO KanbanProject.IntefaceLayer.Program - Task with id: 1 was moved.
2019-04-11 16:03:13,902 [1] WARN KanbanProject.IntefaceLayer.Program - Task moving failed for the one of the following reasons: the next column was full, the task id doesn't exist, the user tried to move a task from the 'done column'
2019-04-11 16:03:13,905 [1] WARN KanbanProject.IntefaceLayer.Program - Task updating has failed, one of the task's inputs was invalid.
2019-04-11 16:03:13,912 [1] INFO KanbanProject.IntefaceLayer.Program - Task with id: 1 was edited.
2019-04-11 16:03:13,914 [1] WARN KanbanProject.IntefaceLayer.Program - Task removing failed, task with id: 10 does not exist.
2019-04-11 16:03:13,925 [1] INFO KanbanProject.IntefaceLayer.Program - Task with id: 1 was removed.
2019-04-11 16:03:13,935 [1] INFO KanbanProject.IntefaceLayer.Program - Task with id: 2 was removed.
2019-04-11 16:03:13,944 [1] INFO KanbanProject.IntefaceLayer.Program - Task with id: 3 was removed.
2019-04-28 12:52:04,477 [1] WARN KanbanProject.IntefaceLayer.Program - Invalid input: email isnt a valid email or already been used in the system
2019-04-28 12:52:04,525 [1] WARN KanbanProject.IntefaceLayer.Program - Invalid input: password do not contain the requested elements
2019-04-28 12:52:04,609 [1] WARN KanbanProject.IntefaceLayer.Program - Invalid input: email isnt a valid email or already been used in the system
2019-04-28 12:52:04,609 [1] WARN KanbanProject.IntefaceLayer.Program - Invalid input: email isnt a valid email or already been used in the system
2019-04-28 12:52:04,610 [1] ERROR KanbanProject.IntefaceLayer.Program - Password do not match to user.
2019-04-28 12:52:04,610 [1] WARN KanbanProject.IntefaceLayer.Program - Email address does not exist in the system.
2019-04-28 12:52:04,611 [1] INFO KanbanProject.IntefaceLayer.Program - User with email ees@gmail.com logged in.
2019-04-28 12:52:04,865 [1] INFO KanbanProject.IntefaceLayer.Program - New task was added.
2019-04-28 12:52:04,945 [1] INFO KanbanProject.IntefaceLayer.Program - New task was added.
2019-04-28 12:52:04,993 [1] INFO KanbanProject.IntefaceLayer.Program - New task was added.
2019-04-28 12:52:04,993 [1] WARN KanbanProject.IntefaceLayer.Program - Task adding has failed, one of the task's inputs was invalid
2019-04-28 12:52:04,994 [1] WARN KanbanProject.IntefaceLayer.Program - Task adding has failed, one of the task's inputs was invalid
2019-04-28 12:52:04,994 [1] WARN KanbanProject.IntefaceLayer.Program - Task adding has failed, one of the task's inputs was invalid
2019-04-28 12:52:05,063 [1] INFO KanbanProject.IntefaceLayer.Program - Task with id: 1 was moved.
2019-04-28 12:52:05,127 [1] INFO KanbanProject.IntefaceLayer.Program - Task with id: 1 was moved.
2019-04-28 12:52:05,127 [1] WARN KanbanProject.IntefaceLayer.Program - Task moving failed for the one of the following reasons: the next column was full, the task id doesn't exist, the user tried to move a task from the 'done column'
2019-04-28 12:52:05,129 [1] WARN KanbanProject.IntefaceLayer.Program - Task updating has failed, one of the task's inputs was invalid.
2019-04-28 12:52:05,151 [1] INFO KanbanProject.IntefaceLayer.Program - Task with id: 1 was edited.
2019-04-28 12:52:05,153 [1] WARN KanbanProject.IntefaceLayer.Program - Task removing failed, task with id: 10 does not exist.
2019-04-28 12:52:05,201 [1] INFO KanbanProject.IntefaceLayer.Program - Task with id: 1 was removed.
2019-04-28 12:52:05,257 [1] INFO KanbanProject.IntefaceLayer.Program - Task with id: 2 was removed.
2019-04-28 12:52:05,309 [1] INFO KanbanProject.IntefaceLayer.Program - Task with id: 3 was removed.
2019-05-06 15:24:15,968 [1] INFO KanbanProject.PresentationLayer.AddTaskWindow - Task with title: 'milestone 3' was added.
2019-05-06 21:16:37,544 [1] INFO KanbanProject.PresentationLayer.AddTaskWindow - Task with title: 'aa' was added.
2019-05-06 22:46:12,517 [1] INFO KanbanProject.PresentationLayer.AddTaskWindow - Task with title: 'a' was added.
2019-05-06 22:47:44,260 [1] INFO KanbanProject.PresentationLayer.AddTaskWindow - Task with title: 'assignment' was added.
2019-05-06 22:54:33,748 [1] INFO KanbanProject.PresentationLayer.AddTaskWindow - Task with title: 'ss' was added.
2019-05-06 22:54:46,058 [1] INFO KanbanProject.PresentationLayer.TaskWindow - Task with id: 2 was updated.
2019-05-06 22:55:48,678 [1] INFO KanbanProject.PresentationLayer.AddTaskWindow - Task with title: 'dd' was added.
2019-05-07 09:18:48,476 [1] INFO KanbanProject.PresentationLayer.AddTaskWindow - Task with title: 'a' was added.
2019-05-07 09:23:58,537 [1] INFO KanbanProject.PresentationLayer.TaskWindow - Task with id: 1 was updated.
2019-05-07 09:29:35,804 [1] INFO KanbanProject.PresentationLayer.TaskWindow - Task with id: 1 was updated.
2019-05-07 09:31:39,486 [1] INFO KanbanProject.PresentationLayer.TaskWindow - Task with id: 1 was updated.
2019-05-07 09:37:41,800 [1] INFO KanbanProject.PresentationLayer.TaskWindow - Task with id: 1 was updated.
2019-05-07 09:42:46,738 [1] WARN KanbanProject.PresentationLayer.AddTaskWindow - Invalid input in adding task.
2019-05-07 09:42:52,847 [1] INFO KanbanProject.PresentationLayer.AddTaskWindow - Task with title: 'a' was added.
2019-05-07 09:43:05,284 [1] INFO KanbanProject.PresentationLayer.AddTaskWindow - Task with title: 'b' was added.
2019-05-07 09:43:15,004 [1] INFO KanbanProject.PresentationLayer.AddTaskWindow - Task with title: 'c' was added.
2019-05-07 09:46:28,172 [1] INFO KanbanProject.PresentationLayer.AddTaskWindow - Task with title: 'd' was added.
2019-05-07 12:36:01,342 [1] INFO KanbanProject.PresentationLayer.TaskWindow - Task with id: 4 was updated.
2019-05-07 12:59:28,650 [1] INFO KanbanProject.PresentationLayer.AddTaskWindow - Task with title: 'eden' was added.
2019-05-07 13:01:18,194 [1] INFO KanbanProject.PresentationLayer.TaskWindow - Task with id: 1 was updated.
2019-05-07 13:01:35,606 [1] WARN KanbanProject.PresentationLayer.BoardWindow - User tried to edit a task without choosing one.
2019-05-07 13:01:44,290 [1] INFO KanbanProject.PresentationLayer.TaskWindow - Task with id: 1 was updated.
2019-05-07 13:01:52,131 [1] WARN KanbanProject.PresentationLayer.BoardWindow - User tried to edit a task without choosing one.
2019-05-07 13:02:16,331 [1] INFO KanbanProject.PresentationLayer.TaskWindow - Task with id: 1 was updated.
2019-05-07 13:02:48,552 [1] WARN KanbanProject.PresentationLayer.AddTaskWindow - Invalid input in adding task.
2019-05-07 13:02:53,650 [1] INFO KanbanProject.PresentationLayer.AddTaskWindow - Task with title: 'shahar' was added.
2019-05-07 13:02:56,055 [1] WARN KanbanProject.PresentationLayer.BoardWindow - User tried to edit a task without choosing one.
2019-05-07 13:03:02,046 [1] INFO KanbanProject.PresentationLayer.TaskWindow - Task with id: 1 was updated.
2019-05-07 13:04:40,998 [1] WARN KanbanProject.PresentationLayer.AddTaskWindow - Invalid input in adding task.
2019-05-07 13:16:52,399 [1] INFO KanbanProject.PresentationLayer.AddTaskWindow - Task with title: 'eden' was added.
2019-05-07 15:42:49,915 [1] INFO KanbanProject.PresentationLayer.AddTaskWindow - Task with title: '1' was added.
2019-05-07 15:43:01,414 [1] WARN KanbanProject.PresentationLayer.AddTaskWindow - Invalid input in adding task.
2019-05-07 15:43:04,997 [1] INFO KanbanProject.PresentationLayer.AddTaskWindow - Task with title: '2' was added.
2019-05-07 15:44:02,172 [1] WARN KanbanProject.PresentationLayer.AddTaskWindow - Invalid input in adding task.
2019-05-07 19:34:35,623 [1] WARN KanbanProject.PresentationLayer.BoardWindow - The user tried to add a column with an empty name
2019-05-07 21:53:28,146 [1] WARN KanbanProject.PresentationLayer.BoardWindow - The user tried to add a column with an empty name
2019-05-07 21:53:43,905 [1] INFO KanbanProject.PresentationLayer.BoardWindow - ColumnDonewas removed
2019-05-07 21:54:21,320 [1] INFO KanbanProject.PresentationLayer.BoardWindow - ColumnIn Progresswas removed
2019-05-07 22:20:42,462 [1] INFO KanbanProject.PresentationLayer.BoardWindow - Column InProgresswas added
2019-05-07 22:25:06,826 [1] WARN KanbanProject.PresentationLayer.BoardWindow - User tried to edit a task without choosing one.
2019-05-07 22:25:31,401 [1] WARN KanbanProject.PresentationLayer.BoardWindow - The user tried to add a column with an empty name
2019-05-07 22:37:43,797 [1] INFO KanbanProject.PresentationLayer.AddTaskWindow - Task with title: 'eden' was added.
2019-05-07 22:38:05,775 [1] WARN KanbanProject.PresentationLayer.AddTaskWindow - Invalid input in adding task.
2019-05-07 22:38:09,330 [1] INFO KanbanProject.PresentationLayer.AddTaskWindow - Task with title: 'shahar' was added.
2019-05-07 22:38:21,114 [1] WARN KanbanProject.PresentationLayer.BoardWindow - The user tried to add a column with an empty name
2019-05-07 22:38:34,555 [1] INFO KanbanProject.PresentationLayer.BoardWindow - Column Finishedwas added
2019-05-07 22:38:55,305 [1] INFO KanbanProject.PresentationLayer.AddTaskWindow - Task with title: 'dorin' was added.
2019-05-07 22:44:08,694 [1] INFO KanbanProject.PresentationLayer.AddTaskWindow - Task with title: '1' was added.
2019-05-07 22:44:15,558 [1] WARN KanbanProject.PresentationLayer.AddTaskWindow - Invalid input in adding task.
2019-05-07 22:44:18,800 [1] INFO KanbanProject.PresentationLayer.AddTaskWindow - Task with title: '2' was added.
2019-05-07 22:44:30,716 [1] INFO KanbanProject.PresentationLayer.BoardWindow - Column 1was added
2019-05-07 22:44:42,146 [1] WARN KanbanProject.PresentationLayer.BoardWindow - The user tried to limit a column, but the column already contain more tasks than the wanted limit
2019-05-07 22:45:02,220 [1] INFO KanbanProject.PresentationLayer.BoardWindow - ColumnFinishedwas removed
2019-05-07 22:46:04,106 [1] INFO KanbanProject.PresentationLayer.BoardWindow - Column1was removed
2019-05-07 22:46:08,151 [1] WARN KanbanProject.PresentationLayer.BoardWindow - The user tried to move backward the first column
2019-05-07 22:46:13,593 [1] WARN KanbanProject.PresentationLayer.BoardWindow - The user tried to forward the last column
2019-05-07 22:46:17,888 [1] WARN KanbanProject.PresentationLayer.BoardWindow - The user tried to move backward the first column
2019-05-08 01:29:19,471 [1] INFO KanbanProject.PresentationLayer.AddTaskWindow - Task with title: 'a' was added.
2019-05-08 13:30:36,723 [1] INFO KanbanProject.PresentationLayer.AddTaskWindow - Task with title: 'b' was added.
2019-05-08 13:31:18,984 [1] WARN KanbanProject.PresentationLayer.BoardWindow - The user tried to forward the last column
2019-05-08 13:31:30,863 [1] WARN KanbanProject.PresentationLayer.BoardWindow - The user tried to move backward the first column
2019-05-08 14:00:12,382 [1] WARN KanbanProject.PresentationLayer.BoardWindow - The user tried to move backward the first column
2019-05-08 14:20:10,268 [1] WARN KanbanProject.PresentationLayer.BoardWindow - The user tried to move backward the first column
2019-05-08 14:20:57,049 [1] INFO KanbanProject.PresentationLayer.TaskWindow - Task with id: 1 was updated.
2019-05-08 19:09:36,493 [1] INFO KanbanProject.PresentationLayer.TaskWindow - Task with id: 1 was updated.
2019-05-08 19:09:52,720 [1] INFO KanbanProject.PresentationLayer.AddTaskWindow - Task with title: 'a' was added.
2019-05-08 20:51:32,480 [1] WARN KanbanProject.PresentationLayer.BoardWindow - The user tried to limit a column, but the column already contain more tasks than the wanted limit
2019-05-08 20:51:42,916 [1] INFO KanbanProject.PresentationLayer.BoardWindow - Column Donewas added
2019-05-08 20:53:43,675 [1] INFO KanbanProject.PresentationLayer.AddTaskWindow - Task with title: 'milestone 3' was added.
2019-05-12 17:22:42,927 [1] INFO KanbanProject.PresentationLayer.LoginWindow - User with email e@g.com logged in.
2019-05-12 17:34:35,848 [1] INFO KanbanProject.PresentationLayer.LoginWindow - User with email e@g.com logged in.
2019-05-12 17:41:06,546 [1] INFO KanbanProject.PresentationLayer.LoginWindow - User with email e@g.com logged in.
2019-05-12 17:41:12,638 [1] INFO KanbanProject.PresentationLayer.BoardWindow - ColumnDonewas removed.
2019-05-12 17:41:15,530 [1] INFO KanbanProject.PresentationLayer.BoardWindow - ColumnInProgresswas removed.
2019-05-12 17:41:18,685 [1] INFO KanbanProject.PresentationLayer.BoardWindow - ColumnBacklogwas removed.
2019-05-12 17:41:22,433 [1] INFO KanbanProject.PresentationLayer.BoardWindow - ColumnOptionalwas removed.
2019-05-12 17:41:32,846 [1] INFO KanbanProject.PresentationLayer.BoardWindow - Column To dowas added
2019-05-12 17:47:29,810 [1] INFO KanbanProject.PresentationLayer.RegisterWindow - New user registered with the email: d@g.com
2019-05-12 17:47:40,046 [1] INFO KanbanProject.PresentationLayer.LoginWindow - User with email d@g.com logged in.
2019-05-12 17:53:05,157 [1] INFO KanbanProject.PresentationLayer.LoginWindow - User with email e@g.com logged in.
2019-05-12 17:53:09,016 [1] INFO KanbanProject.PresentationLayer.BoardWindow - User with email e@g.com logged out.
2019-05-12 17:53:20,261 [1] INFO KanbanProject.PresentationLayer.LoginWindow - User with email d@g.com logged in.
2019-05-12 17:53:29,395 [1] INFO KanbanProject.PresentationLayer.BoardWindow - ColumnDonewas removed.
2019-05-12 17:53:35,925 [1] INFO KanbanProject.PresentationLayer.BoardWindow - ColumnIn Progresswas removed.
2019-05-12 17:53:45,286 [1] INFO KanbanProject.PresentationLayer.BoardWindow - User with email d@g.com logged out.
2019-05-12 17:54:17,994 [1] WARN KanbanProject.PresentationLayer.RegisterWindow - Input email already is used in the system.
2019-05-12 17:54:19,907 [1] WARN KanbanProject.PresentationLayer.RegisterWindow - Input password was invalid.
2019-05-12 17:55:42,999 [1] INFO KanbanProject.PresentationLayer.LoginWindow - User with email d@g.com logged in.
2019-05-12 17:56:01,018 [1] INFO KanbanProject.PresentationLayer.BoardWindow - Column In Progresswas added
2019-05-12 17:56:20,071 [1] INFO KanbanProject.PresentationLayer.AddTaskWindow - Task with title: 'milestone 3' was added.
2019-05-12 17:56:28,860 [1] INFO KanbanProject.PresentationLayer.TaskWindow - Task with id: 1 was updated.
2019-05-12 18:03:25,211 [1] INFO KanbanProject.PresentationLayer.LoginWindow - User with email d@g.com logged in.
2019-05-12 18:07:00,740 [1] INFO KanbanProject.PresentationLayer.RegisterWindow - New user registered with the email: shahar@g.com
2019-05-12 18:07:13,984 [1] INFO KanbanProject.PresentationLayer.LoginWindow - User with email shahar@g.com logged in.
2019-05-12 18:07:21,438 [1] INFO KanbanProject.PresentationLayer.BoardWindow - User with email shahar@g.com logged out.
2019-05-12 19:22:53,723 [1] INFO KanbanProject.PresentationLayer.LoginWindow - User with email e@g.com logged in.
2019-05-12 19:23:29,699 [1] WARN KanbanProject.PresentationLayer.AddTaskWindow - Invalid input in adding task.
2019-05-12 19:23:35,196 [1] INFO KanbanProject.PresentationLayer.AddTaskWindow - Task with title: 'a' was added.
2019-05-12 19:23:44,008 [1] INFO KanbanProject.PresentationLayer.AddTaskWindow - Task with title: 'b' was added.
2019-05-12 19:24:15,497 [1] INFO KanbanProject.PresentationLayer.AddTaskWindow - Task with title: 'c' was added.
2019-05-12 19:24:31,209 [1] INFO KanbanProject.PresentationLayer.AddTaskWindow - Task with title: 'd' was added.
2019-05-12 19:24:55,149 [1] INFO KanbanProject.PresentationLayer.BoardWindow - Column In Progress was added.
2019-05-12 19:27:21,624 [1] INFO KanbanProject.PresentationLayer.LoginWindow - User with email e@g.com logged in.
2019-05-12 19:28:10,330 [1] INFO KanbanProject.PresentationLayer.LoginWindow - User with email e@g.com logged in.
2019-05-12 19:28:17,170 [1] INFO KanbanProject.PresentationLayer.BoardWindow - Column Done was added.
2019-05-12 19:29:59,604 [1] INFO KanbanProject.PresentationLayer.LoginWindow - User with email e@g.com logged in.
2019-05-12 19:30:14,844 [1] INFO KanbanProject.PresentationLayer.BoardWindow - Column Temp was added.
2019-05-12 19:30:42,211 [1] INFO KanbanProject.PresentationLayer.TaskWindow - Task with id: 4 was updated.
2019-05-12 19:30:54,114 [1] INFO KanbanProject.PresentationLayer.TaskWindow - Task with id: 2 was updated.
2019-05-12 19:33:25,276 [1] INFO KanbanProject.PresentationLayer.LoginWindow - User with email e@g.com logged in.
2019-05-12 19:36:11,542 [1] INFO KanbanProject.PresentationLayer.RegisterWindow - New user registered with the email: eden@g.com
2019-05-12 19:36:19,741 [1] INFO KanbanProject.PresentationLayer.LoginWindow - User with email eden@g.com logged in.
